2018-01-30 14:06:11 INFO  Version:37 - HCANN000001: Hibernate Commons Annotations {4.0.1.Final}
2018-01-30 14:06:11 INFO  Version:41 - HHH000412: Hibernate Core {4.0.1.Final}
2018-01-30 14:06:11 INFO  Environment:239 - HHH000206: hibernate.properties not found
2018-01-30 14:06:11 INFO  Environment:342 - HHH000021: Bytecode provider name : javassist
2018-01-30 14:06:11 INFO  Configuration:1920 - HHH000043: Configuring from resource: /hibernate.cfg.xml
2018-01-30 14:06:11 INFO  Configuration:1939 - HHH000040: Configuration resource: /hibernate.cfg.xml
2018-01-30 14:06:11 WARN  DTDEntityResolver:74 - HHH000223: Recognized obsolete hibernate namespace http://hibernate.sourceforge.net/. Use namespace http://www.hibernate.org/dtd/ instead. Refer to Hibernate 3.6 Migration Guide!
2018-01-30 14:06:11 INFO  Configuration:2061 - HHH000041: Configured SessionFactory: null
2018-01-30 14:06:11 INFO  DriverManagerConnectionProviderImpl:90 - HHH000402: Using Hibernate built-in connection pool (not for production use!)
2018-01-30 14:06:11 INFO  DriverManagerConnectionProviderImpl:110 - HHH000115: Hibernate connection pool size: 20
2018-01-30 14:06:11 INFO  DriverManagerConnectionProviderImpl:113 - HHH000006: Autocommit mode: false
2018-01-30 14:06:11 INFO  DriverManagerConnectionProviderImpl:127 - HHH000401: using driver [com.mysql.jdbc.Driver] at URL [jdbc:mysql://localhost:3306/webapp]
2018-01-30 14:06:11 INFO  DriverManagerConnectionProviderImpl:132 - HHH000046: Connection properties: {user=root, password=****}
2018-01-30 14:06:11 INFO  Dialect:121 - HHH000400: Using dialect: org.hibernate.dialect.MySQLDialect
2018-01-30 14:06:11 INFO  TransactionFactoryInitiator:68 - HHH000399: Using default transaction strategy (direct JDBC transactions)
2018-01-30 14:06:11 INFO  ASTQueryTranslatorFactory:48 - HHH000397: Using ASTQueryTranslatorFactory
2018-01-30 14:06:11 INFO  SchemaValidator:137 - HHH000229: Running schema validator
2018-01-30 14:06:11 INFO  SchemaValidator:145 - HHH000102: Fetching database metadata
2018-01-30 14:06:12 INFO  TableMetadata:65 - HHH000261: Table found: webapp.user_autifification
2018-01-30 14:06:12 INFO  TableMetadata:66 - HHH000037: Columns: [password, id, login]
2018-01-30 14:06:12 ERROR TokenHandler:39 - Fdsfsfs
2018-01-30 14:06:12 ERROR TokenHandler:74 - java.text.ParseException: Invalid serialized unsecured/JWS/JWE object: Missing part delimiters
2018-01-30 14:08:02 INFO  Version:37 - HCANN000001: Hibernate Commons Annotations {4.0.1.Final}
2018-01-30 14:08:02 INFO  Version:41 - HHH000412: Hibernate Core {4.0.1.Final}
2018-01-30 14:08:02 INFO  Environment:239 - HHH000206: hibernate.properties not found
2018-01-30 14:08:02 INFO  Environment:342 - HHH000021: Bytecode provider name : javassist
2018-01-30 14:08:02 INFO  Configuration:1920 - HHH000043: Configuring from resource: /hibernate.cfg.xml
2018-01-30 14:08:02 INFO  Configuration:1939 - HHH000040: Configuration resource: /hibernate.cfg.xml
2018-01-30 14:08:02 WARN  DTDEntityResolver:74 - HHH000223: Recognized obsolete hibernate namespace http://hibernate.sourceforge.net/. Use namespace http://www.hibernate.org/dtd/ instead. Refer to Hibernate 3.6 Migration Guide!
2018-01-30 14:08:02 INFO  Configuration:2061 - HHH000041: Configured SessionFactory: null
2018-01-30 14:08:02 INFO  DriverManagerConnectionProviderImpl:90 - HHH000402: Using Hibernate built-in connection pool (not for production use!)
2018-01-30 14:08:02 INFO  DriverManagerConnectionProviderImpl:110 - HHH000115: Hibernate connection pool size: 20
2018-01-30 14:08:02 INFO  DriverManagerConnectionProviderImpl:113 - HHH000006: Autocommit mode: false
2018-01-30 14:08:02 INFO  DriverManagerConnectionProviderImpl:127 - HHH000401: using driver [com.mysql.jdbc.Driver] at URL [jdbc:mysql://localhost:3306/webapp]
2018-01-30 14:08:02 INFO  DriverManagerConnectionProviderImpl:132 - HHH000046: Connection properties: {user=root, password=****}
2018-01-30 14:08:03 INFO  Dialect:121 - HHH000400: Using dialect: org.hibernate.dialect.MySQLDialect
2018-01-30 14:08:03 INFO  TransactionFactoryInitiator:68 - HHH000399: Using default transaction strategy (direct JDBC transactions)
2018-01-30 14:08:03 INFO  ASTQueryTranslatorFactory:48 - HHH000397: Using ASTQueryTranslatorFactory
2018-01-30 14:08:03 INFO  SchemaValidator:137 - HHH000229: Running schema validator
2018-01-30 14:08:03 INFO  SchemaValidator:145 - HHH000102: Fetching database metadata
2018-01-30 14:08:03 INFO  TableMetadata:65 - HHH000261: Table found: webapp.user_autifification
2018-01-30 14:08:03 INFO  TableMetadata:66 - HHH000037: Columns: [password, id, login]
2018-01-30 14:08:03 ERROR TokenHandler:39 - Fdsfsfs
2018-01-30 14:08:03 ERROR TokenHandler:74 - java.text.ParseException: Invalid serialized unsecured/JWS/JWE object: Missing part delimiters
2018-01-30 14:11:20 ERROR TokenHandler:39 - Fdsfsfs
2018-01-30 14:11:20 ERROR TokenHandler:74 - java.text.ParseException: Invalid serialized unsecured/JWS/JWE object: Missing part delimiters
2018-01-30 14:45:27 ERROR TokenHandler:39 - Fdsfsfs
2018-01-30 14:45:27 ERROR TokenHandler:74 - java.text.ParseException: Invalid serialized unsecured/JWS/JWE object: Missing part delimiters
2018-01-30 14:45:42 ERROR TokenHandler:39 - Fdsfsfs
2018-01-30 14:45:42 ERROR TokenHandler:74 - java.text.ParseException: Invalid serialized unsecured/JWS/JWE object: Missing part delimiters
2018-01-30 14:46:57 ERROR TokenHandler:39 - Fdsfsfs
2018-01-30 14:46:57 ERROR TokenHandler:74 - java.text.ParseException: Invalid serialized unsecured/JWS/JWE object: Missing part delimiters
2018-01-30 14:47:17 ERROR TokenHandler:39 - Fdsfsfs
2018-01-30 14:47:17 ERROR TokenHandler:74 - java.text.ParseException: Invalid serialized unsecured/JWS/JWE object: Missing part delimiters
2018-01-30 14:47:22 ERROR TokenHandler:39 - Fdsfsfs
2018-01-30 14:47:22 ERROR TokenHandler:74 - java.text.ParseException: Invalid serialized unsecured/JWS/JWE object: Missing part delimiters
2018-01-30 14:47:28 ERROR TokenHandler:39 - Fdsfsfs
2018-01-30 14:47:29 ERROR TokenHandler:74 - java.text.ParseException: Invalid serialized unsecured/JWS/JWE object: Missing part delimiters
2018-01-30 14:59:22 ERROR TokenHandler:39 - Fdsfsfs
2018-01-30 14:59:23 ERROR TokenHandler:74 - java.text.ParseException: Invalid serialized unsecured/JWS/JWE object: Missing part delimiters
2018-01-30 15:07:20 ERROR TokenHandler:39 - Fdsfsfs
2018-01-30 15:07:20 ERROR TokenHandler:74 - java.text.ParseException: Invalid serialized unsecured/JWS/JWE object: Missing part delimiters
